  Assembling ..\mono\utils\win64.asm...
  mini-windows-dllmain.c
  garray.c
  gbytearray.c
  gerror.c
  ghashtable.c
  giconv.c
  gmem.c
  goutput.c
  gqsort.c
  gstr.c
  gslist.c
  gstring.c
  gptrarray.c
  glist.c
  gqueue.c
  gpath.c
  gshell.c
  gfile.c
  gfile-posix.c
  gpattern.c
  Generating Code...
  Compiling...
  gmarkup.c
  gutf8.c
  gunicode.c
  gdate-win32.c
  gdir-win32.c
  gfile-win32.c
  gmisc-win32.c
  gmodule-win32.c
  gtimer-win32.c
  gunicode-win32.c
  mono-md5.c
  mono-sha1.c
  mono-logger.c
  mono-codeman.c
  mono-counters.c
  mono-dl.c
  mono-dl-windows.c
  mono-log-windows.c
  mono-log-common.c
  mono-internal-hash.c
  Generating Code...
  Compiling...
  mono-io-portability.c
  monobitset.c
  mono-filemap.c
  mono-math-c.c
  mono-mmap.c
  mono-mmap-windows.c
  mono-networkinterfaces.c
  mono-proclib.c
  mono-proclib-windows.c
  mono-publib.c
  mono-time.c
  strenc.c
  mono-uri.c
  mono-utils-debug.c
  mono-poll.c
  mono-path.c
  mono-stdlib.c
  mono-property-hash.c
  mono-value-hash.c
  mono-error.c
  Generating Code...
  Compiling...
  mono-context.c
  hazard-pointer.c
  lifo-semaphore.c
  lock-free-queue.c
  lock-free-alloc.c
  lock-free-array-queue.c
  mono-linked-list-set.c
  mono-flight-recorder.c
  mono-utility-thread.c
  mono-log-flight-recorder.c
  mono-threads.c
  mono-threads-state-machine.c
  mono-threads-windows.c
  mono-threads-coop.c
  mono-tls.c
  atomic.c
  mono-hwcap.c
  bsearch.c
  mono-signal-handler.c
  mono-conc-hashtable.c
  Generating Code...
  Compiling...
  json.c
  networking.c
  networking-posix.c
  networking-fallback.c
  networking-missing.c
  networking-windows.c
  mono-rand.c
  mono-rand-windows.c
  memfuncs.c
  parse.c
  checked-build.c
  mono-state.c
  options.c
  os-event-win32.c
  mono-os-wait-win32.c
  mono-os-semaphore-win32.c
  mono-windows-thread-name.c
  mono-hwcap-x86.c
  abi.c
  appdomain.c
  Generating Code...
  Compiling...
  assembly-load-context.c
  domain.c
  assembly.c
  attach.c
  class.c
  class-init.c
  class-accessors.c
  class-setup-vtable.c
  cominterop.c
  coree.c
  debug-helpers.c
  debug-mono-symfile.c
  debug-mono-ppdb.c
  environment.c
  icall-eventpipe.c
  exception.c
  w32file.c
  filewatcher.c
  icall.c
  icall-table.c
  Generating Code...
  Compiling...
  image.c
  jit-info.c
  loaded-images.c
  loaded-images-global.c
  loader.c
  locales.c
  lock-tracer.c
  marshal.c
  marshal-ilgen.c
  memory-manager.c
  mempool.c
  metadata.c
  metadata-verify.c
  method-builder.c
  method-builder-ilgen.c
  mono-basic-block.c
  mono-config.c
  mono-debug.c
  mono-endian.c
  mono-hash.c
  Generating Code...
  Compiling...
  mono-conc-hash.c
  mono-mlist.c
  mono-perfcounters.c
  mono-route.c
  native-library.c
  native-library-qcall.c
  object.c
  opcodes.c
  property-bag.c
  w32socket.c
  w32process.c
  profiler.c
  rand.c
  remoting.c
  runtime.c
  mono-security.c
  security-core-clr.c
  security-manager.c
  string-icalls.c
  sysmath.c
  Generating Code...
  Compiling...
  threads.c
  threadpool.c
  threadpool-worker-default.c
  threadpool-io.c
  verify.c
  dynamic-stream.c
  file-mmap-windows.c
  metadata-cross-helpers.c
  seq-points-data.c
  handle.c
  w32handle.c
  reflection.c
  dynamic-image.c
  sre.c
  sre-encode.c
  sre-save.c
  custom-attrs.c
  fdhandle.c
  callspec.c
  mono-config-dirs.c
  Generating Code...
  Compiling...
  null-gc.c
  null-gc-handles.c
  gc-stats.c
  gc.c
  monitor.c
  boehm-gc.c
  sgen-bridge.c
  sgen-old-bridge.c
  sgen-new-bridge.c
  sgen-tarjan-bridge.c
  sgen-toggleref.c
  sgen-stw.c
  sgen-mono.c
  sgen-mono-ilgen.c
  console-win32.c
  w32file-win32.c
  icall-windows.c
  marshal-windows.c
  mono-security-windows.c
  w32mutex-win32.c
  Generating Code...
  Compiling...
  w32semaphore-win32.c
  w32event-win32.c
  w32process-win32.c
  w32socket-win32.c
  w32error-win32.c
  mini.c
  mini-runtime.c
  seq-points.c
  method-to-ir.c
  cfgdump.c
  decompose.c
  jit-icalls.c
  trace.c
  dominators.c
  cfold.c
  helpers.c
  liveness.c
  ssa.c
  abcremoval.c
  local-propagation.c
  Generating Code...
  Compiling...
  driver.c
  debug-mini.c
  linear-scan.c
  aot-compiler.c
  aot-runtime.c
  aot-runtime-wasm.c
  graph.c
  mini-codegen.c
  mini-exceptions.c
  mini-trampolines.c
  branch-opts.c
  mini-generic-sharing.c
  tasklets.c
  mini-native-types.c
  simd-intrinsics.c
  unwind.c
  image-writer.c
  dwarfwriter.c
  mini-gc.c
  debugger-agent.c
  Generating Code...
  Compiling...
  debugger-agent-stubs.c
  debugger-engine.c
  debugger-state-machine.c
  xdebug.c
  alias-analysis.c
  mini-cross-helpers.c
  arch-stubs.c
  type-checking.c
  calls.c
  lldb.c
  memory-access.c
  intrinsics.c
  mini-profiler.c
  interp-stubs.c
  llvmonly-runtime.c
  monovm.c
  mini-windows.c
  mini-windows-tls-callback.c
  interp.c
  interp-intrins.c
  Generating Code...
  Compiling...
  mintops.c
  transform.c
  Generating Code...
  adler32.c
  crc32.c
  deflate.c
C:\Users\user\Desktop\Mono\mono\mono\zlib\deflate.c(1916,1): warning C4244: '=': conversion from 'ush' to 'uchf', possible loss of data
C:\Users\user\Desktop\Mono\mono\mono\zlib\deflate.c(2041,1): warning C4244: '=': conversion from 'ush' to 'uchf', possible loss of data
C:\Users\user\Desktop\Mono\mono\mono\zlib\deflate.c(2150,13): warning C4244: '=': conversion from 'ush' to 'uchf', possible loss of data
  inffast.c
  inflate.c
  inftrees.c
  trees.c
  zutil.c
  Generating Code...
  mini-amd64.c
  exceptions-amd64.c
  tramp-amd64.c
  mini-amd64-gsharedvt.c
  tramp-amd64-gsharedvt.c
  sgen-alloc.c
  sgen-cardtable.c
  sgen-debug.c
  sgen-descriptor.c
  sgen-fin-weak-hash.c
  sgen-gc.c
  sgen-gchandles.c
  sgen-gray.c
  sgen-hash-table.c
  sgen-internal.c
  sgen-layout-stats.c
  sgen-los.c
  sgen-marksweep.c
  sgen-memory-governor.c
  sgen-nursery-allocator.c
  Generating Code...
  Compiling...
  sgen-pinning-stats.c
  sgen-pinning.c
  sgen-pointer-queue.c
  sgen-array-list.c
  sgen-protocol.c
  sgen-qsort.c
  sgen-simple-nursery.c
  sgen-split-nursery.c
  sgen-thread-pool.c
  sgen-workers.c
  Generating Code...
     Creating library C:\Users\user\Desktop\Mono\mono\msvc/./build/sgen/x64\lib\Debug\mono-2.0-sgen.lib and object C:\Users\user\Desktop\Mono\mono\msvc/./build/sgen/x64\lib\Debug\mono-2.0-sgen.exp
  libmono-dynamic.vcxproj -> C:\Users\user\Desktop\Mono\mono\msvc\build\sgen\x64\bin\Debug\mono-2.0-sgen.dll
  Target directory 'C:\Users\user\Desktop\Mono\mono\msvc\include\mono', directory doesn't eixst, creating....
  Target directory 'C:\Users\user\Desktop\Mono\mono\msvc\include\mono' created.
  Copying mono include files from C:\Users\user\Desktop\Mono\mono\msvc\..\mono to C:\Users\user\Desktop\Mono\mono\msvc\include\mono ...
  Copying mono include files from C:\Users\user\Desktop\Mono\mono\msvc\..\mono to C:\Users\user\Desktop\Mono\mono\msvc\include\mono DONE.
