  garray.c
  gbytearray.c
  gerror.c
  ghashtable.c
  giconv.c
  gmem.c
  goutput.c
  gqsort.c
  gstr.c
  gslist.c
  gstring.c
  gptrarray.c
  glist.c
  gqueue.c
  gpath.c
  gshell.c
  gfile.c
  gfile-posix.c
  gpattern.c
  gmarkup.c
  Generating Code...
  Compiling...
  gutf8.c
  gunicode.c
  gdate-win32.c
  gdir-win32.c
  gfile-win32.c
  gmisc-win32.c
  gmodule-win32.c
  gtimer-win32.c
  gunicode-win32.c
  Generating Code...
  eglib.vcxproj -> C:\Users\user\Desktop\Mono\mono\msvc\build\sgen\x64\lib\Debug\eglib.lib
