  mini.c
  mini-runtime.c
  seq-points.c
  method-to-ir.c
  cfgdump.c
  decompose.c
  jit-icalls.c
  trace.c
  dominators.c
  cfold.c
  helpers.c
  liveness.c
  ssa.c
  abcremoval.c
  local-propagation.c
  driver.c
  debug-mini.c
  linear-scan.c
  aot-compiler.c
  aot-runtime.c
  Generating Code...
  Compiling...
  aot-runtime-wasm.c
  graph.c
  mini-codegen.c
  mini-exceptions.c
  mini-trampolines.c
  branch-opts.c
  mini-generic-sharing.c
  tasklets.c
  mini-native-types.c
  simd-intrinsics.c
  unwind.c
  image-writer.c
  dwarfwriter.c
  mini-gc.c
  debugger-agent.c
  debugger-agent-stubs.c
  debugger-engine.c
  debugger-state-machine.c
  xdebug.c
  alias-analysis.c
  Generating Code...
  Compiling...
  mini-cross-helpers.c
  arch-stubs.c
  type-checking.c
  calls.c
  lldb.c
  memory-access.c
  intrinsics.c
  mini-profiler.c
  interp-stubs.c
  llvmonly-runtime.c
  monovm.c
  mini-windows.c
  mini-windows-tls-callback.c
  interp.c
  interp-intrins.c
  mintops.c
  transform.c
  Generating Code...
  mini-amd64.c
  exceptions-amd64.c
  tramp-amd64.c
  mini-amd64-gsharedvt.c
  tramp-amd64-gsharedvt.c
  Generating Code...
  libmini.vcxproj -> C:\Users\user\Desktop\Mono\mono\msvc\build\sgen\x64\lib\Debug\libmini-sgen.lib
