  sgen-alloc.c
  sgen-cardtable.c
  sgen-debug.c
  sgen-descriptor.c
  sgen-fin-weak-hash.c
  sgen-gc.c
  sgen-gchandles.c
  sgen-gray.c
  sgen-hash-table.c
  sgen-internal.c
  sgen-layout-stats.c
  sgen-los.c
  sgen-marksweep.c
  sgen-memory-governor.c
  sgen-nursery-allocator.c
  sgen-pinning-stats.c
  sgen-pinning.c
  sgen-pointer-queue.c
  sgen-array-list.c
  sgen-protocol.c
  Generating Code...
  Compiling...
  sgen-qsort.c
  sgen-simple-nursery.c
  sgen-split-nursery.c
  sgen-thread-pool.c
  sgen-workers.c
  Generating Code...
  libgcmonosgen.vcxproj -> C:\Users\user\Desktop\Mono\mono\msvc\build\sgen\x64\lib\Release\libgcmonosgen.lib
