  adler32.c
  crc32.c
  deflate.c
C:\Users\user\Desktop\Mono\mono\mono\zlib\deflate.c(1916,1): warning C4244: '=': conversion from 'ush' to 'uchf', possible loss of data
C:\Users\user\Desktop\Mono\mono\mono\zlib\deflate.c(2041,1): warning C4244: '=': conversion from 'ush' to 'uchf', possible loss of data
C:\Users\user\Desktop\Mono\mono\mono\zlib\deflate.c(2150,13): warning C4244: '=': conversion from 'ush' to 'uchf', possible loss of data
  inffast.c
  inflate.c
  inftrees.c
  trees.c
  zutil.c
  Generating Code...
  abi.c
  appdomain.c
  assembly-load-context.c
  domain.c
  assembly.c
  attach.c
  class.c
  class-init.c
  class-accessors.c
  class-setup-vtable.c
  cominterop.c
  coree.c
  debug-helpers.c
  debug-mono-symfile.c
  debug-mono-ppdb.c
  environment.c
  icall-eventpipe.c
  exception.c
  w32file.c
  filewatcher.c
  Generating Code...
  Compiling...
  icall.c
  icall-table.c
  image.c
  jit-info.c
  loaded-images.c
  loaded-images-global.c
  loader.c
  locales.c
  lock-tracer.c
  marshal.c
  marshal-ilgen.c
  memory-manager.c
  mempool.c
  metadata.c
  metadata-verify.c
  method-builder.c
  method-builder-ilgen.c
  mono-basic-block.c
  mono-config.c
  mono-debug.c
  Generating Code...
  Compiling...
  mono-endian.c
  mono-hash.c
  mono-conc-hash.c
  mono-mlist.c
  mono-perfcounters.c
  mono-route.c
  native-library.c
  native-library-qcall.c
  object.c
  opcodes.c
  property-bag.c
  w32socket.c
  w32process.c
  profiler.c
  rand.c
  remoting.c
  runtime.c
  mono-security.c
  security-core-clr.c
  security-manager.c
  Generating Code...
  Compiling...
  string-icalls.c
  sysmath.c
  threads.c
  threadpool.c
  threadpool-worker-default.c
  threadpool-io.c
  verify.c
  dynamic-stream.c
  file-mmap-windows.c
  metadata-cross-helpers.c
  seq-points-data.c
  handle.c
  w32handle.c
  reflection.c
  dynamic-image.c
  sre.c
  sre-encode.c
  sre-save.c
  custom-attrs.c
  fdhandle.c
  Generating Code...
  Compiling...
  callspec.c
  mono-config-dirs.c
  null-gc.c
  null-gc-handles.c
  gc-stats.c
  gc.c
  monitor.c
  boehm-gc.c
  sgen-bridge.c
  sgen-old-bridge.c
  sgen-new-bridge.c
  sgen-tarjan-bridge.c
  sgen-toggleref.c
  sgen-stw.c
  sgen-mono.c
  sgen-mono-ilgen.c
  console-win32.c
  w32file-win32.c
  icall-windows.c
  marshal-windows.c
  Generating Code...
  Compiling...
  mono-security-windows.c
  w32mutex-win32.c
  w32semaphore-win32.c
  w32event-win32.c
  w32process-win32.c
  w32socket-win32.c
  w32error-win32.c
  Generating Code...
  libmonoruntime.vcxproj -> C:\Users\user\Desktop\Mono\mono\msvc\build\sgen\x64\lib\Release\libmonoruntime-sgen.lib
