  Assembling ..\mono\utils\win64.asm...
  mono-md5.c
  mono-sha1.c
  mono-logger.c
  mono-codeman.c
  mono-counters.c
  mono-dl.c
  mono-dl-windows.c
  mono-log-windows.c
  mono-log-common.c
  mono-internal-hash.c
  mono-io-portability.c
  monobitset.c
  mono-filemap.c
  mono-math-c.c
  mono-mmap.c
  mono-mmap-windows.c
  mono-networkinterfaces.c
  mono-proclib.c
  mono-proclib-windows.c
  mono-publib.c
  Generating Code...
  Compiling...
  mono-time.c
  strenc.c
  mono-uri.c
  mono-utils-debug.c
  mono-poll.c
  mono-path.c
  mono-stdlib.c
  mono-property-hash.c
  mono-value-hash.c
  mono-error.c
  mono-context.c
  hazard-pointer.c
  lifo-semaphore.c
  lock-free-queue.c
  lock-free-alloc.c
  lock-free-array-queue.c
  mono-linked-list-set.c
  mono-flight-recorder.c
  mono-utility-thread.c
  mono-log-flight-recorder.c
  Generating Code...
  Compiling...
  mono-threads.c
  mono-threads-state-machine.c
  mono-threads-windows.c
  mono-threads-coop.c
  mono-tls.c
  atomic.c
  mono-hwcap.c
  bsearch.c
  mono-signal-handler.c
  mono-conc-hashtable.c
  json.c
  networking.c
  networking-posix.c
  networking-fallback.c
  networking-missing.c
  networking-windows.c
  mono-rand.c
  mono-rand-windows.c
  memfuncs.c
  parse.c
  Generating Code...
  Compiling...
  checked-build.c
  mono-state.c
  options.c
  os-event-win32.c
  mono-os-wait-win32.c
  mono-os-semaphore-win32.c
  mono-windows-thread-name.c
  mono-hwcap-x86.c
  Generating Code...
  libmonoutils.vcxproj -> C:\Users\user\Desktop\Mono\mono\msvc\build\sgen\x64\lib\Release\libmonoutils.lib
