  adler32.c
  compress.c
  crc32.c
C:\Users\user\Desktop\Mono\mono\mono\zlib\crc32.c(1028,34): warning C4244: '=': conversion from 'z_word_t' to 'unsigned long', possible loss of data
  deflate.c
C:\Users\user\Desktop\Mono\mono\mono\zlib\deflate.c(1916,1): warning C4244: '=': conversion from 'ush' to 'uchf', possible loss of data
C:\Users\user\Desktop\Mono\mono\mono\zlib\deflate.c(2041,1): warning C4244: '=': conversion from 'ush' to 'uchf', possible loss of data
C:\Users\user\Desktop\Mono\mono\mono\zlib\deflate.c(2150,13): warning C4244: '=': conversion from 'ush' to 'uchf', possible loss of data
  errno.c
  fcntl.c
  infback.c
  inffast.c
  inflate.c
  inftrees.c
  map.c
  ioapi.c
  unzip.c
  zip.c
  signal.c
  stdio.c
  stdlib.c
  string.c
  sys-stat.c
  trees.c
  Generating Code...
  Compiling...
  uncompr.c
  zlib-helper.c
  zutil.c
  Generating Code...
     Creating library C:\Users\user\Desktop\Mono\mono\msvc/./build/sgen/x64\lib\Debug\MonoPosixHelper.lib and object C:\Users\user\Desktop\Mono\mono\msvc/./build/sgen/x64\lib\Debug\MonoPosixHelper.exp
  monoposixhelper.vcxproj -> C:\Users\user\Desktop\Mono\mono\msvc\build\sgen\x64\bin\Debug\MonoPosixHelper.dll
